{"uuid":"8288206e-b6af-48e1-b423-54d8a1b8afe8","historyId":"68471949b2f0184e1750fc626c746be","testCaseId":"483d0b7b6d9be957ddac762c46591103","fullName":"src/test/resources/features/UpdateBook.feature:17","labels":[{"name":"tag","value":"scope"},{"name":"host","value":"DESKTOP-LFUACT4"},{"name":"thread","value":"8572@DESKTOP-LFUACT4.main(1)"},{"name":"feature","value":"Update booking"},{"name":"story","value":"update a booking"},{"name":"suite","value":"Update booking"},{"name":"testClass","value":"update a booking"},{"name":"framework","value":"cucumber4jvm"},{"name":"language","value":"java"},{"name":"gherkin_uri","value":"file:///C:/Users/Dell/IdeaProjects/cucumber_api_test_automation_frameword/src/test/resources/features/UpdateBook.feature"},{"name":"package","value":"src.test.resources.features.UpdateBook_feature.Update booking"}],"links":[],"name":"update a booking","status":"failed","statusDetails":{"known":false,"muted":false,"flaky":false,"message":"\r\nExpected: is <200>\r\n     but: was <400>","trace":"java.lang.AssertionError: \r\nExpected: is <200>\r\n     but: was <400>\r\n\tat org.hamcrest.MatcherAssert.assertThat(MatcherAssert.java:20)\r\n\tat org.hamcrest.MatcherAssert.assertThat(MatcherAssert.java:6)\r\n\tat stepdefs.MyStepdefs.theSystemRespondsWithStatusCode(MyStepdefs.java:65)\r\n\tat ✽.The system responds with status code 200(file:///C:/Users/Dell/IdeaProjects/cucumber_api_test_automation_frameword/src/test/resources/features/UpdateBook.feature:10)\r\n"},"stage":"finished","steps":[{"name":"stepdefs.MyStepdefs.startup(io.cucumber.java.Scenario)","status":"passed","statusDetails":{"known":false,"muted":false,"flaky":false},"stage":"finished","steps":[],"attachments":[],"parameters":[],"start":1727367534631,"stop":1727367534631},{"name":"Given I have a booking system endpoint \"/booking\"","status":"passed","statusDetails":{"known":false,"muted":false,"flaky":false},"stage":"finished","steps":[],"attachments":[{"name":"Text output","source":"5e9689bb-6dec-4070-9dba-6225fde01306-attachment.txt","type":"text/plain"}],"parameters":[],"start":1727367534631,"stop":1727367534634},{"name":"stepdefs.MyStepdefs.startup(io.cucumber.java.Scenario)","status":"passed","statusDetails":{"known":false,"muted":false,"flaky":false},"stage":"finished","steps":[],"attachments":[],"parameters":[],"start":1727367534634,"stop":1727367534634},{"name":"When I enter the following data","status":"passed","statusDetails":{"known":false,"muted":false,"flaky":false},"stage":"finished","steps":[],"attachments":[{"name":"Data table","source":"3ea3607b-0419-42d1-8413-14c7a7cf45a1-attachment.csv","type":"text/tab-separated-values"},{"name":"Text output","source":"953fa1ae-ff11-48ab-8676-f4cb508f5068-attachment.txt","type":"text/plain"}],"parameters":[],"start":1727367534634,"stop":1727367534644},{"name":"stepdefs.MyStepdefs.startup(io.cucumber.java.Scenario)","status":"passed","statusDetails":{"known":false,"muted":false,"flaky":false},"stage":"finished","steps":[],"attachments":[],"parameters":[],"start":1727367534644,"stop":1727367534645},{"name":"And I post the data to the system","status":"passed","statusDetails":{"known":false,"muted":false,"flaky":false},"stage":"finished","steps":[],"attachments":[{"name":"Text output","source":"06cc3c44-a852-44e1-aeed-5c3754d61369-attachment.txt","type":"text/plain"}],"parameters":[],"start":1727367534645,"stop":1727367535989},{"name":"stepdefs.MyStepdefs.startup(io.cucumber.java.Scenario)","status":"passed","statusDetails":{"known":false,"muted":false,"flaky":false},"stage":"finished","steps":[],"attachments":[],"parameters":[],"start":1727367535989,"stop":1727367535989},{"name":"Then The system responds with status code 200","status":"failed","statusDetails":{"known":false,"muted":false,"flaky":false,"message":"\r\nExpected: is <200>\r\n     but: was <400>","trace":"java.lang.AssertionError: \r\nExpected: is <200>\r\n     but: was <400>\r\n\tat org.hamcrest.MatcherAssert.assertThat(MatcherAssert.java:20)\r\n\tat org.hamcrest.MatcherAssert.assertThat(MatcherAssert.java:6)\r\n\tat stepdefs.MyStepdefs.theSystemRespondsWithStatusCode(MyStepdefs.java:65)\r\n\tat ✽.The system responds with status code 200(file:///C:/Users/Dell/IdeaProjects/cucumber_api_test_automation_frameword/src/test/resources/features/UpdateBook.feature:10)\r\n"},"stage":"finished","steps":[],"attachments":[],"parameters":[],"start":1727367535989,"stop":1727367536001},{"name":"stepdefs.MyStepdefs.startup(io.cucumber.java.Scenario)","status":"skipped","statusDetails":{"known":false,"muted":false,"flaky":false},"stage":"finished","steps":[],"attachments":[],"parameters":[],"start":1727367536003,"stop":1727367536003},{"name":"And the system displayes the booking ID","status":"skipped","statusDetails":{"known":false,"muted":false,"flaky":false},"stage":"finished","steps":[],"attachments":[],"parameters":[],"start":1727367536004,"stop":1727367536004}],"attachments":[],"parameters":[{"name":"firstname","value":"-"},{"name":"lastname","value":"-"},{"name":"totalprice","value":"-"},{"name":"depositpaid","value":"-"},{"name":"checkin","value":"-"},{"name":"checkout","value":"-"},{"name":"additionalneeds","value":"-"}],"start":1727367534622,"stop":1727367536007}